e:\work\sdkdemo-windows\duilib\build\debug\duilib.pch
e:\work\sdkdemo-windows\duilib\build\debug\vc120.pdb
e:\work\sdkdemo-windows\duilib\build\debug\vc120.idb
e:\work\sdkdemo-windows\duilib\build\debug\stdafx.obj
e:\work\sdkdemo-windows\duilib\build\debug\uihorizontallayout.obj
e:\work\sdkdemo-windows\duilib\build\debug\uitablayout.obj
e:\work\sdkdemo-windows\duilib\build\debug\uitilelayout.obj
e:\work\sdkdemo-windows\duilib\build\debug\uiverticallayout.obj
e:\work\sdkdemo-windows\duilib\build\debug\uiactivex.obj
e:\work\sdkdemo-windows\duilib\build\debug\uibutton.obj
e:\work\sdkdemo-windows\duilib\build\debug\uicheckbox.obj
e:\work\sdkdemo-windows\duilib\build\debug\uicombo.obj
e:\work\sdkdemo-windows\duilib\build\debug\uidatetime.obj
e:\work\sdkdemo-windows\duilib\build\debug\uiedit.obj
e:\work\sdkdemo-windows\duilib\build\debug\uigifanim.obj
e:\work\sdkdemo-windows\duilib\build\debug\uilabel.obj
e:\work\sdkdemo-windows\duilib\build\debug\uilist.obj
e:\work\sdkdemo-windows\duilib\build\debug\uioption.obj
e:\work\sdkdemo-windows\duilib\build\debug\uiprogress.obj
e:\work\sdkdemo-windows\duilib\build\debug\uirichedit.obj
e:\work\sdkdemo-windows\duilib\build\debug\uiscrollbar.obj
e:\work\sdkdemo-windows\duilib\build\debug\uislider.obj
e:\work\sdkdemo-windows\duilib\build\debug\uitext.obj
e:\work\sdkdemo-windows\duilib\build\debug\uiwebbrowser.obj
e:\work\sdkdemo-windows\duilib\build\debug\duilib.tlog\cl.command.1.tlog
e:\work\sdkdemo-windows\duilib\build\debug\duilib.tlog\cl.read.1.tlog
e:\work\sdkdemo-windows\duilib\build\debug\duilib.tlog\cl.write.1.tlog
